This is pdfTeX, Version 3.141592653-2.6-1.40.27 (MiKTeX 25.4) (preloaded format=pdflatex 2025.9.21)  29 MAR 2026 17:06
entering extended mode
 restricted \write18 enabled.
 file:line:error style messages enabled.
 %&-line parsing enabled.
**"c:/Users/Yiming/OneDrive - Texas A&M University/Research0922/Courses/Data_Viz/Proposal/paper/acl_latex.tex"
(c:/Users/Yiming/OneDrive - Texas A&M University/Research0922/Courses/Data_Viz/Proposal/paper/acl_latex.tex
LaTeX2e <2025-06-01> patch level 1
L3 programming layer <2025-08-13>
(C:\Program Files\MiKTeX\tex/latex/base\article.cls
Document Class: article 2025/01/22 v1.4n Standard LaTeX document class
(C:\Program Files\MiKTeX\tex/latex/base\size11.clo
File: size11.clo 2025/01/22 v1.4n Standard LaTeX file (size option)
)
\c@part=\count275
\c@section=\count276
\c@subsection=\count277
\c@subsubsection=\count278
\c@paragraph=\count279
\c@subparagraph=\count280
\c@figure=\count281
\c@table=\count282
\abovecaptionskip=\skip49
\belowcaptionskip=\skip50
\bibindent=\dimen148
) (acl.sty
Conference Style for ACL
(C:\Program Files\MiKTeX\tex/latex/xcolor\xcolor.sty
Package: xcolor 2024/09/29 v3.02 LaTeX color extensions (UK)
 (C:\Program Files\MiKTeX\tex/latex/graphics-cfg\color.cfg
File: color.cfg 2016/01/02 v1.6 sample color configuration
)
Package xcolor Info: Driver file: pdftex.def on input line 274.
 (C:\Program Files\MiKTeX\tex/latex/graphics-def\pdftex.def
File: pdftex.def 2024/04/13 v1.2c Graphics/color driver for pdftex
) (C:\Program Files\MiKTeX\tex/latex/graphics\mathcolor.ltx)
Package xcolor Info: Model `cmy' substituted by `cmy0' on input line 1349.
Package xcolor Info: Model `hsb' substituted by `rgb' on input line 1353.
Package xcolor Info: Model `RGB' extended on input line 1365.
Package xcolor Info: Model `HTML' substituted by `rgb' on input line 1367.
Package xcolor Info: Model `Hsb' substituted by `hsb' on input line 1368.
Package xcolor Info: Model `tHsb' substituted by `hsb' on input line 1369.
Package xcolor Info: Model `HSB' substituted by `hsb' on input line 1370.
Package xcolor Info: Model `Gray' substituted by `gray' on input line 1371.
Package xcolor Info: Model `wave' substituted by `hsb' on input line 1372.
) (C:\Users\Yiming\AppData\Roaming\MiKTeX\tex/latex/geometry\geometry.sty
Package: geometry 2020/01/02 v5.9 Page Geometry
 (C:\Program Files\MiKTeX\tex/latex/graphics\keyval.sty
Package: keyval 2022/05/29 v1.15 key=value parser (DPC)
\KV@toks@=\toks17
) (C:\Program Files\MiKTeX\tex/generic/iftex\ifvtex.sty
Package: ifvtex 2019/10/25 v1.7 ifvtex legacy package. Use iftex instead.
 (C:\Program Files\MiKTeX\tex/generic/iftex\iftex.sty
Package: iftex 2024/12/12 v1.0g TeX engine tests
))
\Gm@cnth=\count283
\Gm@cntv=\count284
\c@Gm@tempcnt=\count285
\Gm@bindingoffset=\dimen149
\Gm@wd@mp=\dimen150
\Gm@odd@mp=\dimen151
\Gm@even@mp=\dimen152
\Gm@layoutwidth=\dimen153
\Gm@layoutheight=\dimen154
\Gm@layouthoffset=\dimen155
\Gm@layoutvoffset=\dimen156
\Gm@dimlist=\toks18
 (C:\Users\Yiming\AppData\Roaming\MiKTeX\tex/latex/geometry\geometry.cfg))
\titlebox=\skip51
 (C:\Users\Yiming\AppData\Roaming\MiKTeX\tex/latex/caption\caption.sty
Package: caption 2023/08/05 v3.6o Customizing captions (AR)
 (C:\Users\Yiming\AppData\Roaming\MiKTeX\tex/latex/caption\caption3.sty
Package: caption3 2023/07/31 v2.4d caption3 kernel (AR)
\caption@tempdima=\dimen157
\captionmargin=\dimen158
\caption@leftmargin=\dimen159
\caption@rightmargin=\dimen160
\caption@width=\dimen161
\caption@indent=\dimen162
\caption@parindent=\dimen163
\caption@hangindent=\dimen164
Package caption Info: Standard document class detected.
)
\c@caption@flags=\count286
\c@continuedfloat=\count287
) (C:\Users\Yiming\AppData\Roaming\MiKTeX\tex/latex/natbib\natbib.sty
Package: natbib 2010/09/13 8.31b (PWD, AO)
\bibhang=\skip52
\bibsep=\skip53
LaTeX Info: Redefining \cite on input line 694.
\c@NAT@ctr=\count288
) (C:\Program Files\MiKTeX\tex/latex/hyperref\hyperref.sty
Package: hyperref 2025-07-12 v7.01o Hypertext links for LaTeX
 (C:\Users\Yiming\AppData\Roaming\MiKTeX\tex/latex/kvsetkeys\kvsetkeys.sty
Package: kvsetkeys 2022-10-05 v1.19 Key value parser (HO)
) (C:\Users\Yiming\AppData\Roaming\MiKTeX\tex/generic/kvdefinekeys\kvdefinekeys.sty
Package: kvdefinekeys 2019-12-19 v1.6 Define keys (HO)
) (C:\Users\Yiming\AppData\Roaming\MiKTeX\tex/generic/pdfescape\pdfescape.sty
Package: pdfescape 2019/12/09 v1.15 Implements pdfTeX's escape features (HO)
 (C:\Users\Yiming\AppData\Roaming\MiKTeX\tex/generic/ltxcmds\ltxcmds.sty
Package: ltxcmds 2023-12-04 v1.26 LaTeX kernel commands for general use (HO)
) (C:\Program Files\MiKTeX\tex/generic/pdftexcmds\pdftexcmds.sty
Package: pdftexcmds 2020-06-27 v0.33 Utility functions of pdfTeX for LuaTeX (HO)
 (C:\Users\Yiming\AppData\Roaming\MiKTeX\tex/generic/infwarerr\infwarerr.sty
Package: infwarerr 2019/12/03 v1.5 Providing info/warning/error messages (HO)
)
Package pdftexcmds Info: \pdf@primitive is available.
Package pdftexcmds Info: \pdf@ifprimitive is available.
Package pdftexcmds Info: \pdfdraftmode found.
)) (C:\Users\Yiming\AppData\Roaming\MiKTeX\tex/latex/hycolor\hycolor.sty
Package: hycolor 2020-01-27 v1.10 Color options for hyperref/bookmark (HO)
) (C:\Program Files\MiKTeX\tex/latex/hyperref\nameref.sty
Package: nameref 2025-06-21 v2.57 Cross-referencing by name of section
 (C:\Users\Yiming\AppData\Roaming\MiKTeX\tex/latex/refcount\refcount.sty
Package: refcount 2019/12/15 v3.6 Data extraction from label references (HO)
) (C:\Users\Yiming\AppData\Roaming\MiKTeX\tex/generic/gettitlestring\gettitlestring.sty
Package: gettitlestring 2019/12/15 v1.6 Cleanup title references (HO)
 (C:\Users\Yiming\AppData\Roaming\MiKTeX\tex/latex/kvoptions\kvoptions.sty
Package: kvoptions 2022-06-15 v3.15 Key value format for package options (HO)
))
\c@section@level=\count289
) (C:\Program Files\MiKTeX\tex/latex/etoolbox\etoolbox.sty
Package: etoolbox 2025/02/11 v2.5l e-TeX tools for LaTeX (JAW)
\etb@tempcnta=\count290
) (C:\Users\Yiming\AppData\Roaming\MiKTeX\tex/generic/stringenc\stringenc.sty
Package: stringenc 2019/11/29 v1.12 Convert strings between diff. encodings (HO)
)
\@linkdim=\dimen165
\Hy@linkcounter=\count291
\Hy@pagecounter=\count292
 (C:\Program Files\MiKTeX\tex/latex/hyperref\pd1enc.def
File: pd1enc.def 2025-07-12 v7.01o Hyperref: PDFDocEncoding definition (HO)
Now handling font encoding PD1 ...
... no UTF-8 mapping file for font encoding PD1
) (C:\Users\Yiming\AppData\Roaming\MiKTeX\tex/generic/intcalc\intcalc.sty
Package: intcalc 2019/12/15 v1.3 Expandable calculations with integers (HO)
)
\Hy@SavedSpaceFactor=\count293
 (C:\Program Files\MiKTeX\tex/latex/hyperref\puenc.def
File: puenc.def 2025-07-12 v7.01o Hyperref: PDF Unicode definition (HO)
Now handling font encoding PU ...
... no UTF-8 mapping file for font encoding PU
)
Package hyperref Info: Option `breaklinks' set `true' on input line 4066.
Package hyperref Info: Hyper figures OFF on input line 4195.
Package hyperref Info: Link nesting OFF on input line 4200.
Package hyperref Info: Hyper index ON on input line 4203.
Package hyperref Info: Plain pages OFF on input line 4210.
Package hyperref Info: Backreferencing OFF on input line 4215.
Package hyperref Info: Implicit mode ON; LaTeX internals redefined.
Package hyperref Info: Bookmarks ON on input line 4462.
\c@Hy@tempcnt=\count294
 (C:\Program Files\MiKTeX\tex/latex/url\url.sty
\Urlmuskip=\muskip17
Package: url 2013/09/16  ver 3.4  Verb mode for urls, etc.
)
LaTeX Info: Redefining \url on input line 4801.
\XeTeXLinkMargin=\dimen166
 (C:\Users\Yiming\AppData\Roaming\MiKTeX\tex/generic/bitset\bitset.sty
Package: bitset 2019/12/09 v1.3 Handle bit-vector datatype (HO)
 (C:\Users\Yiming\AppData\Roaming\MiKTeX\tex/generic/bigintcalc\bigintcalc.sty
Package: bigintcalc 2019/12/15 v1.5 Expandable calculations on big integers (HO)
))
\Fld@menulength=\count295
\Field@Width=\dimen167
\Fld@charsize=\dimen168
Package hyperref Info: Hyper figures OFF on input line 6078.
Package hyperref Info: Link nesting OFF on input line 6083.
Package hyperref Info: Hyper index ON on input line 6086.
Package hyperref Info: backreferencing OFF on input line 6093.
Package hyperref Info: Link coloring OFF on input line 6098.
Package hyperref Info: Link coloring with OCG OFF on input line 6103.
Package hyperref Info: PDF/A mode OFF on input line 6108.
\Hy@abspage=\count296
\c@Item=\count297
\c@Hfootnote=\count298
)
Package hyperref Info: Driver (autodetected): hpdftex.
 (C:\Program Files\MiKTeX\tex/latex/hyperref\hpdftex.def
File: hpdftex.def 2025-07-12 v7.01o Hyperref driver for pdfTeX
\Fld@listcount=\count299
\c@bookmark@seq@number=\count300
 (C:\Users\Yiming\AppData\Roaming\MiKTeX\tex/latex/rerunfilecheck\rerunfilecheck.sty
Package: rerunfilecheck 2025-06-21 v1.11 Rerun checks for auxiliary files (HO)
 (C:\Users\Yiming\AppData\Roaming\MiKTeX\tex/generic/uniquecounter\uniquecounter.sty
Package: uniquecounter 2019/12/15 v1.4 Provide unlimited unique counter (HO)
)
Package uniquecounter Info: New unique counter `rerunfilecheck' on input line 284.
)
\Hy@SectionHShift=\skip54
)
Package hyperref Info: Option `colorlinks' set `true' on input line 305.
) (C:\Users\Yiming\AppData\Roaming\MiKTeX\tex/latex/psnfss\times.sty
Package: times 2020/03/25 PSNFSS-v9.3 (SPQR) 
) (C:\Program Files\MiKTeX\tex/latex/base\latexsym.sty
Package: latexsym 1998/08/17 v2.2e Standard LaTeX package (lasy symbols)
\symlasy=\mathgroup4
LaTeX Font Info:    Overwriting symbol font `lasy' in version `bold'
(Font)                  U/lasy/m/n --> U/lasy/b/n on input line 52.
) (C:\Program Files\MiKTeX\tex/latex/base\fontenc.sty
Package: fontenc 2024/12/21 v2.1c Standard LaTeX package
LaTeX Font Info:    Trying to load font information for T1+ptm on input line 116.
 (C:\Users\Yiming\AppData\Roaming\MiKTeX\tex/latex/psnfss\t1ptm.fd
File: t1ptm.fd 2001/06/04 font definitions for T1/ptm.
)) (C:\Program Files\MiKTeX\tex/latex/base\inputenc.sty
Package: inputenc 2024/02/08 v1.3d Input encoding file
\inpenc@prehook=\toks19
\inpenc@posthook=\toks20
) (C:\Users\Yiming\AppData\Roaming\MiKTeX\tex/latex/microtype\microtype.sty
Package: microtype 2025/07/09 v3.2b Micro-typographical refinements (RS)
\MT@toks=\toks21
\MT@tempbox=\box53
\MT@count=\count301
LaTeX Info: Redefining \noprotrusionifhmode on input line 1087.
LaTeX Info: Redefining \leftprotrusion on input line 1088.
\MT@prot@toks=\toks22
LaTeX Info: Redefining \rightprotrusion on input line 1107.
LaTeX Info: Redefining \textls on input line 1449.
\MT@outer@kern=\dimen169
LaTeX Info: Redefining \microtypecontext on input line 2053.
LaTeX Info: Redefining \textmicrotypecontext on input line 2070.
\MT@listname@count=\count302
 (C:\Users\Yiming\AppData\Roaming\MiKTeX\tex/latex/microtype\microtype-pdftex.def
File: microtype-pdftex.def 2025/07/09 v3.2b Definitions specific to pdftex (RS)
LaTeX Info: Redefining \lsstyle on input line 944.
LaTeX Info: Redefining \lslig on input line 944.
\MT@outer@space=\skip55
)
Package microtype Info: Loading configuration file microtype.cfg.
 (C:\Users\Yiming\AppData\Roaming\MiKTeX\tex/latex/microtype\microtype.cfg
File: microtype.cfg 2025/07/09 v3.2b microtype main configuration file (RS)
)
LaTeX Info: Redefining \microtypesetup on input line 3065.
) (C:\Program Files\MiKTeX\tex/latex/graphics\graphicx.sty
Package: graphicx 2024/12/31 v1.2e Enhanced LaTeX Graphics (DPC,SPQR)
 (C:\Program Files\MiKTeX\tex/latex/graphics\graphics.sty
Package: graphics 2024/08/06 v1.4g Standard LaTeX Graphics (DPC,SPQR)
 (C:\Program Files\MiKTeX\tex/latex/graphics\trig.sty
Package: trig 2023/12/02 v1.11 sin cos tan (DPC)
) (C:\Program Files\MiKTeX\tex/latex/graphics-cfg\graphics.cfg
File: graphics.cfg 2016/06/04 v1.11 sample graphics configuration
)
Package graphics Info: Driver file: pdftex.def on input line 106.
)
\Gin@req@height=\dimen170
\Gin@req@width=\dimen171
) (C:\Users\Yiming\AppData\Roaming\MiKTeX\tex/latex/booktabs\booktabs.sty
Package: booktabs 2020/01/12 v1.61803398 Publication quality tables
\heavyrulewidth=\dimen172
\lightrulewidth=\dimen173
\cmidrulewidth=\dimen174
\belowrulesep=\dimen175
\belowbottomsep=\dimen176
\aboverulesep=\dimen177
\abovetopsep=\dimen178
\cmidrulesep=\dimen179
\cmidrulekern=\dimen180
\defaultaddspace=\dimen181
\@cmidla=\count303
\@cmidlb=\count304
\@aboverulesep=\dimen182
\@belowrulesep=\dimen183
\@thisruleclass=\count305
\@lastruleclass=\count306
\@thisrulewidth=\dimen184
) (C:\Program Files\MiKTeX\tex/latex/tools\array.sty
Package: array 2025/06/08 v2.6j Tabular extension package (FMi)
\col@sep=\dimen185
\ar@mcellbox=\box54
\extrarowheight=\dimen186
\NC@list=\toks23
\extratabsurround=\skip56
\backup@length=\skip57
\ar@cellbox=\box55
) (C:\Program Files\MiKTeX\tex/latex/l3backend\l3backend-pdftex.def
File: l3backend-pdftex.def 2025-06-09 L3 backend support: PDF output (pdfTeX)
\l__color_backend_stack_int=\count307
) (acl_latex.aux)
\openout1 = `acl_latex.aux'.

LaTeX Font Info:    Checking defaults for OML/cmm/m/it on input line 28.
LaTeX Font Info:    ... okay on input line 28.
LaTeX Font Info:    Checking defaults for OMS/cmsy/m/n on input line 28.
LaTeX Font Info:    ... okay on input line 28.
LaTeX Font Info:    Checking defaults for OT1/cmr/m/n on input line 28.
LaTeX Font Info:    ... okay on input line 28.
LaTeX Font Info:    Checking defaults for T1/cmr/m/n on input line 28.
LaTeX Font Info:    ... okay on input line 28.
LaTeX Font Info:    Checking defaults for TS1/cmr/m/n on input line 28.
LaTeX Font Info:    ... okay on input line 28.
LaTeX Font Info:    Checking defaults for OMX/cmex/m/n on input line 28.
LaTeX Font Info:    ... okay on input line 28.
LaTeX Font Info:    Checking defaults for U/cmr/m/n on input line 28.
LaTeX Font Info:    ... okay on input line 28.
LaTeX Font Info:    Checking defaults for PD1/pdf/m/n on input line 28.
LaTeX Font Info:    ... okay on input line 28.
LaTeX Font Info:    Checking defaults for PU/pdf/m/n on input line 28.
LaTeX Font Info:    ... okay on input line 28.
 (C:\Program Files\MiKTeX\tex/context/base/mkii\supp-pdf.mkii
[Loading MPS to PDF converter (version 2006.09.02).]
\scratchcounter=\count308
\scratchdimen=\dimen187
\scratchbox=\box56
\nofMPsegments=\count309
\nofMParguments=\count310
\everyMPshowfont=\toks24
\MPscratchCnt=\count311
\MPscratchDim=\dimen188
\MPnumerator=\count312
\makeMPintoPDFobject=\count313
\everyMPtoPDFconversion=\toks25
) (C:\Program Files\MiKTeX\tex/latex/epstopdf-pkg\epstopdf-base.sty
Package: epstopdf-base 2020-01-24 v2.11 Base part for package epstopdf
Package epstopdf-base Info: Redefining graphics rule for `.eps' on input line 485.
 (C:\Program Files\MiKTeX\tex/latex/00miktex\epstopdf-sys.cfg
File: epstopdf-sys.cfg 2021/03/18 v2.0 Configuration of epstopdf for MiKTeX
))
*geometry* driver: auto-detecting
*geometry* detected driver: pdftex
*geometry* verbose mode - [ preamble ] result:
* driver: pdftex
* paper: a4paper
* layout: <same size as paper>
* layoutoffset:(h,v)=(0.0pt,0.0pt)
* modes: heightrounded 
* h-part:(L,W,R)=(71.13188pt, 455.24411pt, 71.13188pt)
* v-part:(T,H,B)=(71.13188pt, 702.78308pt, 71.13188pt)
* \paperwidth=597.50787pt
* \paperheight=845.04684pt
* \textwidth=455.24411pt
* \textheight=704.60031pt
* \oddsidemargin=-1.1381pt
* \evensidemargin=-1.1381pt
* \topmargin=-38.1381pt
* \headheight=12.0pt
* \headsep=25.0pt
* \topskip=11.0pt
* \footskip=30.0pt
* \marginparwidth=59.0pt
* \marginparsep=10.0pt
* \columnsep=17.07182pt
* \skip\footins=9.0pt plus 4.0pt minus 2.0pt
* \hoffset=0.0pt
* \voffset=0.0pt
* \mag=1000
* \@twocolumntrue
* \@twosidefalse
* \@mparswitchfalse
* \@reversemarginfalse
* (1in=72.27pt=25.4mm, 1cm=28.453pt)

Package caption Info: Begin \AtBeginDocument code.
Package caption Info: hyperref package is loaded.
Package caption Info: End \AtBeginDocument code.
Package hyperref Info: Link coloring ON on input line 28.
(acl_latex.out) (acl_latex.out)
\@outlinefile=\write3
\openout3 = `acl_latex.out'.

LaTeX Info: Redefining \microtypecontext on input line 28.
Package microtype Info: Applying patch `item' on input line 28.
Package microtype Info: Applying patch `toc' on input line 28.
Package microtype Info: Applying patch `eqnum' on input line 28.
Package microtype Info: Applying patch `footnote' on input line 28.
Package microtype Info: Applying patch `verbatim' on input line 28.
LaTeX Info: Redefining \microtypesetup on input line 28.
Package microtype Info: Generating PDF output.
Package microtype Info: Character protrusion enabled (level 2).
Package microtype Info: Using default protrusion set `alltext'.
Package microtype Info: Automatic font expansion enabled (level 2),
(microtype)             stretch: 20, shrink: 20, step: 1, non-selected.
Package microtype Info: Using default expansion set `alltext-nott'.
Package microtype Info: Patching command `\showhyphens'.
Package microtype Info: No adjustment of tracking.
Package microtype Info: No adjustment of interword spacing.
Package microtype Info: No adjustment of character kerning.
 (C:\Users\Yiming\AppData\Roaming\MiKTeX\tex/latex/microtype\mt-ptm.cfg
File: mt-ptm.cfg 2006/04/20 v1.7 microtype config. file: Times (RS)
) (C:\Users\Yiming\AppData\Roaming\MiKTeX\tex/latex/microtype\mt-cmr.cfg
File: mt-cmr.cfg 2013/05/19 v2.2 microtype config. file: Computer Modern Roman (RS)
)
LaTeX Font Info:    External font `cmex10' loaded for size
(Font)              <12> on input line 30.
LaTeX Font Info:    External font `cmex10' loaded for size
(Font)              <8> on input line 30.
LaTeX Font Info:    External font `cmex10' loaded for size
(Font)              <6> on input line 30.
LaTeX Font Info:    Trying to load font information for U+lasy on input line 30.
 (C:\Program Files\MiKTeX\tex/latex/base\ulasy.fd
File: ulasy.fd 1998/08/17 v2.2e LaTeX symbol font definitions
)
LaTeX Font Info:    Trying to load font information for T1+pcr on input line 30.
 (C:\Users\Yiming\AppData\Roaming\MiKTeX\tex/latex/psnfss\t1pcr.fd
File: t1pcr.fd 2001/06/04 font definitions for T1/pcr.
)
Package microtype Info: Loading generic protrusion settings for font family
(microtype)             `pcr' (encoding: T1).
(microtype)             For optimal results, create family-specific settings.
(microtype)             See the microtype manual for details.

Underfull \hbox (badness 2005) in paragraph at lines 34--35
\T1/ptm/m/n/10 (+20) to-day are largely de-scrip-tive tools: they
 []


Underfull \hbox (badness 10000) in paragraph at lines 34--35
\T1/ptm/m/n/10 (+20) re-port what has al-ready hap-pened but
 []


Underfull \hbox (badness 3375) in paragraph at lines 34--35
\T1/ptm/m/n/10 (+20) of-fer lit-tle guid-ance on what in-struc-tors
 []


Underfull \hbox (badness 1389) in paragraph at lines 34--35
\T1/ptm/m/n/10 (+20) or ad-vi-sors should do next. This pa-per
 []


Underfull \hbox (badness 10000) in paragraph at lines 34--35
\T1/ptm/m/n/10 (+20) and at-ten-dance via in-ter-ac-tive slid-ers,
 []


Underfull \hbox (badness 2828) in paragraph at lines 34--35
\T1/ptm/m/n/10 (+20) the sys-tem in-stantly up-dates a pre-dicted
 []


Underfull \hbox (badness 3780) in paragraph at lines 34--35
\T1/ptm/m/n/10 (+20) a stu-dent's cur-rent tra-jec-tory against an
 []


Underfull \hbox (badness 1424) in paragraph at lines 34--35
\T1/ptm/m/n/10 (+20) in-ter-ven-tion plans faster and with greater
 []


Underfull \hbox (badness 3579) in paragraph at lines 41--42
\T1/ptm/m/n/10.95 (+20) avail-able to higher-education in-sti-tu-tions for
 []


Underfull \hbox (badness 1092) in paragraph at lines 41--42
\T1/ptm/m/n/10.95 (+20) sur-face grades, at-ten-dance records, and class
 []

LaTeX Font Info:    External font `cmex10' loaded for size
(Font)              <10.95> on input line 43.



Underfull \hbox (badness 1931) in paragraph at lines 45--46
\T1/ptm/m/n/10.95 (+20) ac-com-pa-nied by con-fi-dence in-ter-vals so that
 []



[1{C:/Users/Yiming/AppData/Local/MiKTeX/fonts/map/pdftex/pdftex.map}{C:/Program Files/MiKTeX/fonts/enc/dvips/base/8r.enc}



]
Underfull \hbox (badness 8132) in paragraph at lines 62--63
 []\T1/ptm/b/n/10.95 (+20) Counterfactual ex-pla-na-tions in ed-u-ca-tion.[]
 []


Underfull \hbox (badness 1337) in paragraph at lines 62--63
\T1/ptm/m/n/10.95 (+20) et al.[][], [][]2026[][]). [][]Tsi-ak-maki and Ra-gos[][] ([][]2021[][])
 []


Underfull \hbox (badness 1178) in paragraph at lines 62--63
\T1/ptm/m/n/10.95 (+20) a user study with ed-u-ca-tors. [][]Sus-n-jak et al.[][]
 []


Underfull \hbox (badness 2980) in paragraph at lines 62--63
\T1/ptm/m/n/10.95 (+20) meth-ods are in-creas-ingly ap-plied to stu-dent
 []


Underfull \hbox (badness 2564) in paragraph at lines 62--63
\T1/ptm/m/n/10.95 (+20) ex-ists on which gen-er-a-tion method is most
 []


Underfull \hbox (badness 1509) in paragraph at lines 62--63
\T1/ptm/m/n/10.95 (+20) suit-able. Our pro-posal ex-tends this line of
 []


Underfull \hbox (badness 4168) in paragraph at lines 65--66
\T1/ptm/m/n/10.95 (+20) Sev-eral sys-tems have ex-plic-itly tar-geted at-
 []


Underfull \hbox (badness 4621) in paragraph at lines 65--66
[][]\T1/ptm/m/n/10.95 (+20) Mello et al.[][] ([][]2022[][]) in-tro-duce SDA-Vis, a
 []


Underfull \hbox (badness 3826) in paragraph at lines 65--66
\T1/ptm/m/n/10.95 (+20) ([][]2023[][]) com-bine a CNN-LSTM model with
 []


Underfull \hbox (badness 2253) in paragraph at lines 65--66
\T1/ptm/m/n/10.95 (+20) dropout be-hav-ior pat-terns in on-line learn-ing
 []


Underfull \vbox (badness 10000) has occurred while \output is active []



LaTeX Font Info:    External font `cmex10' loaded for size
(Font)              <9> on input line 80.
LaTeX Font Info:    External font `cmex10' loaded for size
(Font)              <5> on input line 80.

LaTeX Warning: `h' float specifier changed to `ht'.


Underfull \hbox (badness 7504) in paragraph at lines 96--97
[]\T1/ptm/m/n/10.95 (+20) Figure [][]1[][] shows the Pear-son cor-re-la-tion
 []


Underfull \hbox (badness 1406) in paragraph at lines 96--97
\T1/ptm/m/n/10.95 (+20) ma-trix for the main nu-meric fea-tures. The
 []


Underfull \hbox (badness 10000) in paragraph at lines 96--97
\T1/ptm/m/n/10.95 (+20) strongest cor-re-lates of Exam_Score are
 []


Underfull \hbox (badness 2126) in paragraph at lines 96--97
\T1/ptm/m/n/10.95 (+20) At-ten-dance ($\OML/cmm/m/it/10.95 r \OT1/cmr/m/n/10.95 = 0\OML/cmm/m/it/10.95 :\OT1/cmr/m/n/10.95 58$\T1/ptm/m/n/10.95 (+20) ) and Hours_Studied
 []


Underfull \hbox (badness 2990) in paragraph at lines 96--97
\T1/ptm/m/n/10.95 (+20) ($\OML/cmm/m/it/10.95 r \OT1/cmr/m/n/10.95 = 0\OML/cmm/m/it/10.95 :\OT1/cmr/m/n/10.95 45$\T1/ptm/m/n/10.95 (+20) ), fol-lowed by Pre-vi-ous_Scores,
 []


Underfull \hbox (badness 5607) in paragraph at lines 96--97
\T1/ptm/m/n/10.95 (+20) Ac-cess_to_Resources, and Tu-tor-ing_Sessions.
 []

<corr.png, id=92, 563.10374pt x 426.84468pt>
File: corr.png Graphic file (type png)
<use corr.png>
Package pdftex.def Info: corr.png  used on input line 100.
(pdftex.def)             Requested size: 219.08614pt x 166.07146pt.

Underfull \hbox (badness 1661) in paragraph at lines 105--106
\T1/ptm/m/n/10.95 (+20) dash-boards, such as the attendance-vs.-exam-
 []


Underfull \hbox (badness 1275) in paragraph at lines 105--106
\T1/ptm/m/n/10.95 (+20) score scat-ter plot shown in Fig-ure [][]2[][], re-veal
 []

<scatter.png, id=95, 735.49782pt x 441.14813pt>
File: scatter.png Graphic file (type png)
<use scatter.png>
Package pdftex.def Info: scatter.png  used on input line 109.
(pdftex.def)             Requested size: 219.08614pt x 131.40306pt.

LaTeX Warning: `h' float specifier changed to `ht'.


Underfull \hbox (badness 1472) in paragraph at lines 124--126
\T1/ptm/m/n/10.95 (+20) are the 20 stu-dent fea-tures (with cat-e-gor-i-cal
 []


Underfull \hbox (badness 1199) in paragraph at lines 124--126
\T1/ptm/m/n/10.95 (+20) us-ing or-di-nary least squares. We ap-ply the
 []


Underfull \hbox (badness 1688) in paragraph at lines 124--126
\T1/ptm/m/n/10.95 (+20) boot-strap ($\OML/cmm/m/it/10.95 B \OT1/cmr/m/n/10.95 = 1000$ \T1/ptm/m/n/10.95 (+20) re-sam-ples) to ob-tain
 []



[2 <./corr.png>]
LaTeX Font Info:    Trying to load font information for TS1+ptm on input line 134.
 (C:\Users\Yiming\AppData\Roaming\MiKTeX\tex/latex/psnfss\ts1ptm.fd
File: ts1ptm.fd 2001/06/04 font definitions for TS1/ptm.
)
Underfull \hbox (badness 10000) in paragraph at lines 135--136
[]\T1/ptm/b/n/10.95 (+20) Simulation (green): \T1/ptm/m/n/10.95 (+20) the pre-dicted
 []


Underfull \hbox (badness 10000) in paragraph at lines 135--136
\T1/ptm/m/n/10.95 (+20) dis-tri-bu-tion un-der the user's pro-posed
 []



<ui.png, id=120, 609.02531pt x 441.14813pt>
File: ui.png Graphic file (type png)
<use ui.png>
Package pdftex.def Info: ui.png  used on input line 142.
(pdftex.def)             Requested size: 219.08614pt x 158.69203pt.
LaTeX Font Info:    External font `cmex10' loaded for size
(Font)              <7> on input line 143.

Underfull \hbox (badness 3260) in paragraph at lines 147--148
\T1/ptm/m/n/10.95 (+20) slider in-ter-ac-tions. Sta-tis-ti-cal com-pu-ta-tions
 []


LaTeX Warning: `h' float specifier changed to `ht'.


Underfull \hbox (badness 10000) in paragraph at lines 171--172
\T1/ptm/m/n/10.95 (+20) The pri-mary tar-get users are \T1/ptm/b/n/10.95 (+20) uni-ver-sity
 []



[3 <./scatter.png> <./ui.png>]
Underfull \hbox (badness 2057) in paragraph at lines 173--174
\T1/ptm/m/n/10.95 (+20) cur-rently lack?''; (3) \T1/ptm/m/it/10.95 (+20) wire-frame walk-through\T1/ptm/m/n/10.95 (+20) :
 []


Underfull \hbox (badness 4108) in paragraph at lines 184--185
\T1/ptm/m/n/10.95 (+20) out-puts, and a \T1/ptm/b/n/10.95 (+20) sys-tem \T1/ptm/m/n/10.95 (+20) con-di-tion in which
 []


Underfull \hbox (badness 5147) in paragraph at lines 191--192
\T1/ptm/m/n/10.95 (+20) qual-i-ta-tive feed-back from a brief post-task
 []




Underfull \hbox (badness 1112) in paragraph at lines 208--209
 []\T1/ptm/b/n/10.95 (+20) Higher ad-vi-sor con-fi-dence.[] \T1/ptm/m/n/10.95 (+20) The trans-par-ent
 []


Underfull \hbox (badness 3209) in paragraph at lines 208--209
\T1/ptm/m/n/10.95 (+20) un-cer-tainty rep-re-sen-ta-tion (the width of the
 []


Underfull \hbox (badness 4316) in paragraph at lines 210--211
\T1/ptm/m/n/10.95 (+20) et al.[][], [][]2023[][]; [][]Tsi-ak-maki and Ra-gos[][], [][]2021[][]).
 []


Underfull \hbox (badness 1990) in paragraph at lines 210--211
\T1/ptm/m/n/10.95 (+20) By re-strict-ing slid-ers to vari-ables with high
 []


Underfull \hbox (badness 1648) in paragraph at lines 210--211
\T1/ptm/m/n/10.95 (+20) or mod-er-ate ac-tion-abil-ity, our sys-tem avoids
 []


Underfull \hbox (badness 5460) in paragraph at lines 210--211
\T1/ptm/m/n/10.95 (+20) rec-om-mend-ing in-ter-ven-tions ad-vi-sors can-not
 []


Underfull \hbox (badness 1377) in paragraph at lines 210--211
\T1/ptm/m/n/10.95 (+20) im-ple-ment (e.g., chang-ing a stu-dent's fam-ily
 []

(acl_latex.bbl
Underfull \hbox (badness 3009) in paragraph at lines 5--11
[]\T1/ptm/m/n/10 (+20) Farzana Afrin, Mar-garet Hamil-ton, and Charles
 []


Underfull \hbox (badness 2600) in paragraph at lines 5--11
\T1/ptm/m/n/10 (+20) The-vathayan. 2023.  [][]Ex-plor-ing coun-ter-fac-tual
 []


Underfull \hbox (badness 1472) in paragraph at lines 5--11
\T1/ptm/m/n/10 (+20) of \T1/ptm/m/it/10 (+20) Lec-ture Notes in Com-puter Sci-ence\T1/ptm/m/n/10 (+20) , Cham.
 []



[4]
Underfull \hbox (badness 2680) in paragraph at lines 13--18
[]\T1/ptm/m/n/10 (+20) Adnan As-sel-man, Mo-hamed Khaldi, and Souad
 []


Underfull \hbox (badness 1389) in paragraph at lines 13--18
\T1/ptm/m/n/10 (+20) al-go-rithm[][].  \T1/ptm/m/it/10 (+20) In-ter-ac-tive Learn-ing En-vi-ron-ments\T1/ptm/m/n/10 (+20) ,
 []


Underfull \hbox (badness 10000) in paragraph at lines 20--24
[]\T1/ptm/m/n/10 (+20) Diego Buńay-Guisńán and 1 oth-ers. 2026.
 []


Underfull \hbox (badness 5288) in paragraph at lines 20--24
[][]\T1/ptm/m/n/10 (+20) Coun-ter-fac-tual ex-pla-na-tions in ed-u-ca-tion: A
 []


Underfull \hbox (badness 1769) in paragraph at lines 20--24
\T1/ptm/m/n/10 (+20) sys-tem-atic re-view[][].  \T1/ptm/m/it/10 (+20) WIREs Data Min-ing and
 []


Underfull \hbox (badness 3838) in paragraph at lines 26--31
[]\T1/ptm/m/n/10 (+20) Anoud Kha-laf and 1 oth-ers. 2025.  [][]Ma-chine
 []


Underfull \hbox (badness 2418) in paragraph at lines 33--38
[][]\T1/ptm/m/n/10 (+20) SDA-Vis: A vi-su-al-iza-tion sys-tem for stu-dent
 []


Underfull \hbox (badness 4660) in paragraph at lines 46--50
[]\T1/ptm/m/n/10 (+20) Cristóbal Romero and Se-bastián Ven-tura. 2020.
 []


Underfull \hbox (badness 1052) in paragraph at lines 52--57
[]\T1/ptm/m/n/10 (+20) George Siemens and Ryan S. J. D. Baker. 2012.
 []


Underfull \hbox (badness 1024) in paragraph at lines 74--79
[]\T1/ptm/m/n/10 (+20) Huimin Zhang, Jian-feng Dong, Chenglu Lv, and
 []


Underfull \hbox (badness 1558) in paragraph at lines 74--79
\T1/ptm/m/n/10 (+20) 1 oth-ers. 2023.  [][]Vi-sual an-a-lyt-ics of po-ten-tial
 []

)



[5

] (acl_latex.aux)
 ***********
LaTeX2e <2025-06-01> patch level 1
L3 programming layer <2025-08-13>
 ***********
Package rerunfilecheck Info: File `acl_latex.out' has not changed.
(rerunfilecheck)             Checksum: 31D9D9987B41C172C1A0BD4E05699CFE;1540.
 ) 
Here is how much of TeX's memory you used:
 13992 strings out of 468133
 223459 string characters out of 5440776
 680494 words of memory out of 5000000
 42158 multiletter control sequences out of 15000+600000
 673309 words of font info for 237 fonts, out of 8000000 for 9000
 1141 hyphenation exceptions out of 8191
 90i,10n,93p,1138b,589s stack positions out of 10000i,1000n,20000p,200000b,200000s
<C:/Program Files/MiKTeX/fonts/type1/public/amsfonts/cm/cmex10.pfb><C:/Program Files/MiKTeX/fonts/type1/public/amsfonts/cm/cmmi10.pfb><C:/Program Files/MiKTeX/fonts/type1/public/amsfonts/cm/cmmi8.pfb><C:/Program Files/MiKTeX/fonts/type1/public/amsfonts/cm/cmr10.pfb><C:/Program Files/MiKTeX/fonts/type1/public/amsfonts/cm/cmr8.pfb><C:/Program Files/MiKTeX/fonts/type1/urw/courier/ucrr8a.pfb><C:/Program Files/MiKTeX/fonts/type1/urw/times/utmb8a.pfb><C:/Program Files/MiKTeX/fonts/type1/urw/times/utmr8a.pfb><C:/Program Files/MiKTeX/fonts/type1/urw/times/utmri8a.pfb>
Output written on acl_latex.pdf (5 pages, 543445 bytes).
PDF statistics:
 224 PDF objects out of 1000 (max. 8388607)
 43 named destinations out of 1000 (max. 500000)
 49768 words of extra memory for PDF output out of 51595 (max. 10000000)

